<?xml version="1.0" encoding="UTF-8"?>
<!-- Generated by org.testng.reporters.JUnitReportReporter -->
<testsuite hostname="192.168.1.12" failures="0" tests="1" name="com.openway.tests.AppTest" time="24.367" errors="0" timestamp="2025-04-29T16:27:40 WIB" skipped="0">
  <testcase classname="com.openway.tests.AppTest" name="testAddToCart" time="24.367"/>
</testsuite> <!-- com.openway.tests.AppTest -->
